Godot Engine v4.6.stable.official.89cea1439 - https://godotengine.org
Vulkan 1.4.323 - Forward+ - Using Device #0: Intel - Intel(R) UHD Graphics

CURRENT_STATE: IdlePlayerState:<Node#306670734145>
CURRENT_STATE: UnequippedWeaponState:<Node#306771397447>
Switched to floor: 5 (type: combat)
Player found: Player:<CharacterBody3D#304439363045>
Creating elevator at cell: (24.0, 96.0)
walking_player_state.SPEED_DEFAULT: 7.5
CURRENT_STATE: IdleEnemyState:<Node#407753466424>
CURRENT_STATE: IdleAttackState:<Node#407837352509>
WARNING: Source geometry parsing for navigation mesh baking had to parse RenderingServer meshes at runtime.
		This poses a significant performance issues as visual meshes store geometry data on the GPU and transferring this data back to the CPU blocks the rendering.
		For runtime (re)baking navigation meshes use and parse collision shapes as source geometry or create geometry data procedurally in scripts.
   at: add_mesh (scene/resources/3d/navigation_mesh_source_geometry_data_3d.cpp:202)
   GDScript backtrace (most recent call first):
       [0] _ready (res://world/scripts/navigation_region_3d.gd:61)
CURRENT_STATE: IdleEnemyState:<Node#409347301984>
CURRENT_STATE: IdleAttackState:<Node#409414410852>
CURRENT_STATE: IdleEnemyState:<Node#410706256512>
CURRENT_STATE: IdleAttackState:<Node#410773365380>
CURRENT_STATE: IdleEnemyState:<Node#411729666719>
CURRENT_STATE: IdleAttackState:<Node#411796775587>
CURRENT_STATE: IdleEnemyState:<Node#412769854143>
CURRENT_STATE: IdleAttackState:<Node#412836963011>
CURRENT_STATE: IdleEnemyState:<Node#414464353033>
CURRENT_STATE: IdleAttackState:<Node#414531461901>
CURRENT_STATE: IdleEnemyState:<Node#415353545506>
CURRENT_STATE: IdleAttackState:<Node#415420654374>
CURRENT_STATE: IdleEnemyState:<Node#416376955714>
CURRENT_STATE: IdleAttackState:<Node#416444064582>
CURRENT_STATE: IdleEnemyState:<Node#417182262105>
CURRENT_STATE: IdleAttackState:<Node#417249370973>
CURRENT_STATE: IdleEnemyState:<Node#418373444481>
CURRENT_STATE: IdleAttackState:<Node#418440553349>
CURRENT_STATE: IdleEnemyState:<Node#419178750872>
CURRENT_STATE: IdleAttackState:<Node#419245859740>
CURRENT_STATE: IdleEnemyState:<Node#420940358628>
CURRENT_STATE: IdleAttackState:<Node#421007467496>
CURRENT_STATE: IdleEnemyState:<Node#421879882751>
CURRENT_STATE: IdleAttackState:<Node#421946991619>
CURRENT_STATE: IdleEnemyState:<Node#422819406861>
CURRENT_STATE: IdleAttackState:<Node#422886515739>
CURRENT_STATE: IdleEnemyState:<Node#423909925945>
CURRENT_STATE: IdleAttackState:<Node#423977034813>
use weapon
Uneqipped transitioning to Idle
CURRENT_STATE: IdleEnemyState:<Node#454880666370>
CURRENT_STATE: IdleAttackState:<Node#454947774953>
CURRENT_STATE: IdleEnemyState:<Node#455685972501>
CURRENT_STATE: IdleAttackState:<Node#455753081353>
CURRENT_STATE: IdleEnemyState:<Node#457212699613>
CURRENT_STATE: IdleAttackState:<Node#457279807985>
Jump transitioning to Idle
Idle transitioning to Walking
Jump transitioning to Idle
Jump transitioning to Idle
Idle transitioning to Walking
Walking transitioning to Idle
Jump transitioning to Idle
Jump transitioning to Idle
Jump transitioning to Idle
Jump transitioning to Idle
Idle transitioning to Walking
Jump transitioning to Idle
Jump transitioning to Idle
Idle transitioning to Walking
Walking transitioning to Idle
Idle transitioning to Walking
Walking transitioning to Sprinting
Sprinting transitioning to Walking
Walking transitioning to Idle
Idle transitioning to Walking
Idle transitioning to Firing
weapon: (res://item/items/resources/vulcan's_fury.tres):<Resource#-9223371966658902006>
WARNING: Target and up vectors are colinear. This is not advised as it may cause unwanted rotation around local Z axis.
   at: looking_at (core/math/basis.cpp:1044)
   GDScript backtrace (most recent call first):
       [0] create_bullet_hole (res://state_scripts/firing_weapon_state.gd:233)
       [1] _machine_gun_fire (res://state_scripts/firing_weapon_state.gd:1449)
@CharacterBody3D@1726:<CharacterBody3D#454662562528> took damage: 8.0, health left: 22.0
WARNING: Target and up vectors are colinear. This is not advised as it may cause unwanted rotation around local Z axis.
   at: looking_at (core/math/basis.cpp:1044)
   GDScript backtrace (most recent call first):
       [0] create_bullet_hole (res://state_scripts/firing_weapon_state.gd:233)
       [1] _machine_gun_fire (res://state_scripts/firing_weapon_state.gd:1449)
@CharacterBody3D@1726:<CharacterBody3D#454662562528> took damage: 8.0, health left: 14.0
WARNING: Target and up vectors are colinear. This is not advised as it may cause unwanted rotation around local Z axis.
   at: looking_at (core/math/basis.cpp:1044)
   GDScript backtrace (most recent call first):
       [0] create_bullet_hole (res://state_scripts/firing_weapon_state.gd:233)
       [1] _machine_gun_fire (res://state_scripts/firing_weapon_state.gd:1449)
@CharacterBody3D@1726:<CharacterBody3D#454662562528> took damage: 8.0, health left: 6.0
WARNING: Target and up vectors are colinear. This is not advised as it may cause unwanted rotation around local Z axis.
   at: looking_at (core/math/basis.cpp:1044)
   GDScript backtrace (most recent call first):
       [0] create_bullet_hole (res://state_scripts/firing_weapon_state.gd:233)
       [1] _machine_gun_fire (res://state_scripts/firing_weapon_state.gd:1449)
@CharacterBody3D@1726:<CharacterBody3D#454662562528> took damage: 8.0, health left: -2.0
Walking transitioning to Idle
WARNING: Target and up vectors are colinear. This is not advised as it may cause unwanted rotation around local Z axis.
   at: looking_at (core/math/basis.cpp:1044)
   GDScript backtrace (most recent call first):
       [0] create_bullet_hole (res://state_scripts/firing_weapon_state.gd:233)
       [1] _machine_gun_fire (res://state_scripts/firing_weapon_state.gd:1449)
WARNING: Target and up vectors are colinear. This is not advised as it may cause unwanted rotation around local Z axis.
   at: looking_at (core/math/basis.cpp:1044)
   GDScript backtrace (most recent call first):
       [0] create_bullet_hole (res://state_scripts/firing_weapon_state.gd:233)
       [1] _machine_gun_fire (res://state_scripts/firing_weapon_state.gd:1449)
WARNING: Target and up vectors are colinear. This is not advised as it may cause unwanted rotation around local Z axis.
   at: looking_at (core/math/basis.cpp:1044)
   GDScript backtrace (most recent call first):
       [0] create_bullet_hole (res://state_scripts/firing_weapon_state.gd:233)
       [1] _machine_gun_fire (res://state_scripts/firing_weapon_state.gd:1449)
Idle transitioning to Walking
Walking transitioning to Idle
Idle transitioning to Walking
Walking transitioning to Idle
Idle transitioning to Walking
Idle transitioning to Firing
weapon: (res://item/items/resources/vulcan's_fury.tres):<Resource#-9223371966658902006>
WARNING: Target and up vectors are colinear. This is not advised as it may cause unwanted rotation around local Z axis.
   at: looking_at (core/math/basis.cpp:1044)
   GDScript backtrace (most recent call first):
       [0] create_bullet_hole (res://state_scripts/firing_weapon_state.gd:233)
       [1] _machine_gun_fire (res://state_scripts/firing_weapon_state.gd:1449)
@CharacterBody3D@1662:<CharacterBody3D#416158851885> took damage: 8.0, health left: 22.0
WARNING: Target and up vectors are colinear. This is not advised as it may cause unwanted rotation around local Z axis.
   at: looking_at (core/math/basis.cpp:1044)
   GDScript backtrace (most recent call first):
       [0] create_bullet_hole (res://state_scripts/firing_weapon_state.gd:233)
       [1] _machine_gun_fire (res://state_scripts/firing_weapon_state.gd:1449)
@CharacterBody3D@1662:<CharacterBody3D#416158851885> took damage: 8.0, health left: 14.0
WARNING: Target and up vectors are colinear. This is not advised as it may cause unwanted rotation around local Z axis.
   at: looking_at (core/math/basis.cpp:1044)
   GDScript backtrace (most recent call first):
       [0] create_bullet_hole (res://state_scripts/firing_weapon_state.gd:233)
       [1] _machine_gun_fire (res://state_scripts/firing_weapon_state.gd:1449)
@CharacterBody3D@1662:<CharacterBody3D#416158851885> took damage: 8.0, health left: 6.0
Idle transitioning to Firing
weapon: (res://item/items/resources/vulcan's_fury.tres):<Resource#-9223371966658902006>
WARNING: Target and up vectors are colinear. This is not advised as it may cause unwanted rotation around local Z axis.
   at: looking_at (core/math/basis.cpp:1044)
   GDScript backtrace (most recent call first):
       [0] create_bullet_hole (res://state_scripts/firing_weapon_state.gd:233)
       [1] _machine_gun_fire (res://state_scripts/firing_weapon_state.gd:1449)
@CharacterBody3D@1662:<CharacterBody3D#416158851885> took damage: 8.0, health left: -2.0
Walking transitioning to Idle
WARNING: Target and up vectors are colinear. This is not advised as it may cause unwanted rotation around local Z axis.
   at: looking_at (core/math/basis.cpp:1044)
   GDScript backtrace (most recent call first):
       [0] create_bullet_hole (res://state_scripts/firing_weapon_state.gd:233)
       [1] _machine_gun_fire (res://state_scripts/firing_weapon_state.gd:1449)
Idle transitioning to Walking
Walking transitioning to Sprinting
Sprinting transitioning to Walking
Walking transitioning to Idle
Idle transitioning to Walking
Jump transitioning to Running
Sprinting transitioning to Walking
Walking transitioning to Idle
Idle transitioning to Walking
Jump transitioning to Running
Sprinting transitioning to Walking
Walking transitioning to Idle
Idle transitioning to Walking
Walking transitioning to Sprinting
Sprinting transitioning to Walking
Walking transitioning to Idle
Idle transitioning to Walking
Walking transitioning to Idle
Idle transitioning to Walking
Walking transitioning to Idle
Idle transitioning to Firing
weapon: (res://item/items/resources/vulcan's_fury.tres):<Resource#-9223371966658902006>
@CharacterBody3D@1691:<CharacterBody3D#422601303064> took damage: 8.0, health left: -3.0
Idle transitioning to Firing
weapon: (res://item/items/resources/vulcan's_fury.tres):<Resource#-9223371966658902006>
Idle transitioning to Firing
weapon: (res://item/items/resources/vulcan's_fury.tres):<Resource#-9223371966658902006>
CURRENT_STATE: IdleEnemyState:<Node#1519646680086>
CURRENT_STATE: IdleAttackState:<Node#1519730566175>
Idle transitioning to Running
Sprinting transitioning to Walking
Walking transitioning to Sprinting
Sprinting transitioning to Walking
Walking transitioning to Idle
Idle transitioning to Running
Sprinting transitioning to Walking
Walking transitioning to Idle
Idle transitioning to Walking
Walking transitioning to Idle
Idle transitioning to Firing
weapon: (res://item/items/resources/vulcan's_fury.tres):<Resource#-9223371966658902006>
Slag Mite:<CharacterBody3D#420722254757> took damage: 8.0, health left: -3.0
Idle transitioning to Firing
weapon: (res://item/items/resources/vulcan's_fury.tres):<Resource#-9223371966658902006>
WARNING: Target and up vectors are colinear. This is not advised as it may cause unwanted rotation around local Z axis.
   at: looking_at (core/math/basis.cpp:1044)
   GDScript backtrace (most recent call first):
       [0] create_bullet_hole (res://state_scripts/firing_weapon_state.gd:233)
       [1] _machine_gun_fire (res://state_scripts/firing_weapon_state.gd:1449)
Idle transitioning to Firing
weapon: (res://item/items/resources/vulcan's_fury.tres):<Resource#-9223371966658902006>
CURRENT_STATE: IdleEnemyState:<Node#1812694311856>
CURRENT_STATE: IdleAttackState:<Node#1812761420718>
Idle transitioning to Running
Jump transitioning to Running
Sprinting transitioning to Walking
Walking transitioning to Sprinting
Sprinting transitioning to Walking
Walking transitioning to Idle
Idle transitioning to Walking
Walking transitioning to Idle
Idle transitioning to Walking
Walking transitioning to Sprinting
Sprinting transitioning to Walking
Walking transitioning to Idle
Idle transitioning to Walking
ERROR: Lambda capture at index 0 was freed. Passed "null" instead.
   at: call (modules/gdscript/gdscript_lambda_callable.cpp:242)
Walking transitioning to Idle
ERROR: Lambda capture at index 0 was freed. Passed "null" instead.
   at: call (modules/gdscript/gdscript_lambda_callable.cpp:242)
Idle transitioning to Walking
Walking transitioning to Sprinting
Sprinting transitioning to Walking
Walking transitioning to Idle
Idle transitioning to Walking
Walking transitioning to Idle
Idle transitioning to Walking
Walking transitioning to Idle
Idle transitioning to Walking
Walking transitioning to Idle
Idle transitioning to Walking
Walking transitioning to Idle
Idle transitioning to Walking
Walking transitioning to Idle
Idle transitioning to Walking
ERROR: Lambda capture at index 0 was freed. Passed "null" instead.
   at: call (modules/gdscript/gdscript_lambda_callable.cpp:242)
Walking transitioning to Idle
Idle transitioning to Walking
Walking transitioning to Sprinting
Sprinting transitioning to Walking
Walking transitioning to Idle
Idle transitioning to Firing
weapon: (res://item/items/resources/vulcan's_fury.tres):<Resource#-9223371966658902006>
Idle transitioning to Walking
@CharacterBody3D@2316:<CharacterBody3D#1519428577132> took damage: 8.0, health left: 42.0
WARNING: Target and up vectors are colinear. This is not advised as it may cause unwanted rotation around local Z axis.
   at: looking_at (core/math/basis.cpp:1044)
   GDScript backtrace (most recent call first):
       [0] create_bullet_hole (res://state_scripts/firing_weapon_state.gd:233)
       [1] _machine_gun_fire (res://state_scripts/firing_weapon_state.gd:1449)
WARNING: Target and up vectors are colinear. This is not advised as it may cause unwanted rotation around local Z axis.
   at: looking_at (core/math/basis.cpp:1044)
   GDScript backtrace (most recent call first):
       [0] create_bullet_hole (res://state_scripts/firing_weapon_state.gd:233)
       [1] _machine_gun_fire (res://state_scripts/firing_weapon_state.gd:1449)
WARNING: Target and up vectors are colinear. This is not advised as it may cause unwanted rotation around local Z axis.
   at: looking_at (core/math/basis.cpp:1044)
   GDScript backtrace (most recent call first):
       [0] create_bullet_hole (res://state_scripts/firing_weapon_state.gd:233)
       [1] _machine_gun_fire (res://state_scripts/firing_weapon_state.gd:1449)
WARNING: Target and up vectors are colinear. This is not advised as it may cause unwanted rotation around local Z axis.
   at: looking_at (core/math/basis.cpp:1044)
   GDScript backtrace (most recent call first):
       [0] create_bullet_hole (res://state_scripts/firing_weapon_state.gd:233)
       [1] _machine_gun_fire (res://state_scripts/firing_weapon_state.gd:1449)
@CharacterBody3D@2316:<CharacterBody3D#1519428577132> took damage: 8.0, health left: 34.0
Walking transitioning to Sprinting
Sprinting transitioning to Walking
Idle transitioning to Firing
weapon: (res://item/items/resources/vulcan's_fury.tres):<Resource#-9223371966658902006>
@CharacterBody3D@2316:<CharacterBody3D#1519428577132> took damage: 8.0, health left: 26.0
@CharacterBody3D@2316:<CharacterBody3D#1519428577132> took damage: 8.0, health left: 18.0
@CharacterBody3D@2316:<CharacterBody3D#1519428577132> took damage: 8.0, health left: 10.0
@CharacterBody3D@2316:<CharacterBody3D#1519428577132> took damage: 8.0, health left: 2.0
Idle transitioning to Firing
weapon: (res://item/items/resources/vulcan's_fury.tres):<Resource#-9223371966658902006>
Walking transitioning to Idle
Idle transitioning to Walking
Idle transitioning to Firing
weapon: (res://item/items/resources/vulcan's_fury.tres):<Resource#-9223371966658902006>
@CharacterBody3D@2316:<CharacterBody3D#1519428577132> took damage: 8.0, health left: -6.0
WARNING: Target and up vectors are colinear. This is not advised as it may cause unwanted rotation around local Z axis.
   at: looking_at (core/math/basis.cpp:1044)
   GDScript backtrace (most recent call first):
       [0] create_bullet_hole (res://state_scripts/firing_weapon_state.gd:233)
       [1] _machine_gun_fire (res://state_scripts/firing_weapon_state.gd:1449)
Walking transitioning to Idle
Ambrosia of the Gods
Idle transitioning to Walking
Walking transitioning to Sprinting
Sprinting transitioning to Walking
Walking transitioning to Idle
Idle transitioning to Walking
Walking transitioning to Idle
