Godot Engine v4.6.stable.official.89cea1439 - https://godotengine.org
Vulkan 1.4.323 - Forward+ - Using Device #0: Intel - Intel(R) UHD Graphics

ERROR: Unable to open file: res://item/items/resources/transparent_icons.png.
   at: _load_data (scene/resources/compressed_texture.cpp:42)
WARNING: res://item/items/scenes/hammer.tscn:3 - ext_resource, invalid UID: uid://deq0xbuwnr3cd - using text path instead: res://item/items/scenes/Hammer.scn
   at: load (scene/resources/resource_format_text.cpp:500)
ERROR: Unable to open file: res://item/items/resources/transparent_icons.png.
   at: _load_data (scene/resources/compressed_texture.cpp:42)
WARNING: res://world/scenes/glue_stick.tscn:3 - ext_resource, invalid UID: uid://cidvk7mu3qk1r - using text path instead: res://item/items/scenes/glue stick.scn
   at: load (scene/resources/resource_format_text.cpp:500)
ERROR: Unable to open file: res://item/items/resources/transparent_icons.png.
   at: _load_data (scene/resources/compressed_texture.cpp:42)
ERROR: Unable to open file: res://item/items/resources/transparent_icons.png.
   at: _load_data (scene/resources/compressed_texture.cpp:42)
ERROR: Unable to open file: res://item/items/resources/transparent_icons.png.
   at: _load_data (scene/resources/compressed_texture.cpp:42)
ERROR: Unable to open file: res://item/items/resources/transparent_icons.png.
   at: _load_data (scene/resources/compressed_texture.cpp:42)
ERROR: Unable to open file: res://item/items/resources/transparent_icons.png.
   at: _load_data (scene/resources/compressed_texture.cpp:42)
ERROR: Unable to open file: res://item/items/resources/transparent_icons.png.
   at: _load_data (scene/resources/compressed_texture.cpp:42)
ERROR: Unable to open file: res://item/items/resources/transparent_icons.png.
   at: _load_data (scene/resources/compressed_texture.cpp:42)
ERROR: Unable to open file: res://item/items/resources/transparent_icons.png.
   at: _load_data (scene/resources/compressed_texture.cpp:42)
WARNING: res://item/items/resources/cracked_reinforced_shield.tres:3 - ext_resource, invalid UID: uid://dhwnqjf3ms0r2 - using text path instead: res://item/items/scenes/Shield.scn
   at: load (scene/resources/resource_format_text.cpp:500)
ERROR: Unable to open file: res://item/items/resources/transparent_icons.png.
   at: _load_data (scene/resources/compressed_texture.cpp:42)
WARNING: res://item/items/scenes/scythe.tscn:3 - ext_resource, invalid UID: uid://dpcq1xi2jmn25 - using text path instead: res://item/items/scenes/scythe.scn
   at: load (scene/resources/resource_format_text.cpp:500)
ERROR: Unable to open file: res://item/items/resources/transparent_icons.png.
   at: _load_data (scene/resources/compressed_texture.cpp:42)
ERROR: Unable to open file: res://item/items/resources/transparent_icons.png.
   at: _load_data (scene/resources/compressed_texture.cpp:42)
ERROR: Unable to open file: res://item/items/resources/transparent_icons.png.
   at: _load_data (scene/resources/compressed_texture.cpp:42)
WARNING: res://item/items/scenes/revolver.tscn:3 - ext_resource, invalid UID: uid://caq6diehfocun - using text path instead: res://item/items/scenes/revolver.scn
   at: load (scene/resources/resource_format_text.cpp:500)
ERROR: Unable to open file: res://item/items/resources/transparent_icons.png.
   at: _load_data (scene/resources/compressed_texture.cpp:42)
WARNING: res://item/items/resources/fragmentation_grenade.tres:3 - ext_resource, invalid UID: uid://dneurf57lwrhp - using text path instead: res://item/items/scenes/Grenade.scn
   at: load (scene/resources/resource_format_text.cpp:500)
ERROR: Unable to open file: res://item/items/resources/transparent_icons.png.
   at: _load_data (scene/resources/compressed_texture.cpp:42)
WARNING: res://item/items/scenes/rpg.tscn:3 - ext_resource, invalid UID: uid://cu0hr6ac6cwtq - using text path instead: res://item/items/scenes/rpg.scn
   at: load (scene/resources/resource_format_text.cpp:500)
ERROR: Unable to open file: res://item/items/resources/transparent_icons.png.
   at: _load_data (scene/resources/compressed_texture.cpp:42)
ERROR: Unable to open file: res://item/items/resources/transparent_icons.png.
   at: _load_data (scene/resources/compressed_texture.cpp:42)
ERROR: Unable to open file: res://item/items/resources/transparent_icons.png.
   at: _load_data (scene/resources/compressed_texture.cpp:42)
WARNING: res://item/items/scenes/wood_blade.tscn:3 - ext_resource, invalid UID: uid://8lfratir71bo - using text path instead: res://item/items/scenes/Wood Blade.scn
   at: load (scene/resources/resource_format_text.cpp:500)
ERROR: Unable to open file: res://item/items/resources/transparent_icons.png.
   at: _load_data (scene/resources/compressed_texture.cpp:42)
ERROR: Unable to open file: res://item/items/resources/transparent_icons.png.
   at: _load_data (scene/resources/compressed_texture.cpp:42)
WARNING: res://item/items/scenes/m_1_garand.tscn:3 - ext_resource, invalid UID: uid://m7usdyl8ceen - using text path instead: res://item/items/scenes/m1Garand.scn
   at: load (scene/resources/resource_format_text.cpp:500)
ERROR: Unable to open file: res://item/items/resources/transparent_icons.png.
   at: _load_data (scene/resources/compressed_texture.cpp:42)
ERROR: Unable to open file: res://item/items/resources/transparent_icons.png.
   at: _load_data (scene/resources/compressed_texture.cpp:42)
ERROR: Unable to open file: res://item/items/resources/transparent_icons.png.
   at: _load_data (scene/resources/compressed_texture.cpp:42)
WARNING: res://world/scenes/martillo_de_thor.tscn:3 - ext_resource, invalid UID: uid://fdtvr2t675eo - using text path instead: res://item/items/scenes/Martillo de Thor.scn
   at: load (scene/resources/resource_format_text.cpp:500)
ERROR: Unable to open file: res://item/items/resources/transparent_icons.png.
   at: _load_data (scene/resources/compressed_texture.cpp:42)
ERROR: Unable to open file: res://item/items/resources/transparent_icons.png.
   at: _load_data (scene/resources/compressed_texture.cpp:42)
WARNING: res://item/items/resources/Pistol.tres:3 - ext_resource, invalid UID: uid://bbvruedw8xldf - using text path instead: res://item/items/scenes/Gun.scn
   at: load (scene/resources/resource_format_text.cpp:500)
ERROR: Unable to open file: res://item/items/resources/transparent_icons.png.
   at: _load_data (scene/resources/compressed_texture.cpp:42)
WARNING: res://item/items/scenes/crossbow.tscn:3 - ext_resource, invalid UID: uid://cfupcgm72tpip - using text path instead: res://item/items/scenes/crossbow.scn
   at: load (scene/resources/resource_format_text.cpp:500)
ERROR: Unable to open file: res://item/items/resources/transparent_icons.png.
   at: _load_data (scene/resources/compressed_texture.cpp:42)
WARNING: res://world/scenes/hand.tscn:3 - ext_resource, invalid UID: uid://dy5ifhvmld83l - using text path instead: res://item/items/scenes/Hand.scn
   at: load (scene/resources/resource_format_text.cpp:500)
ERROR: Unable to open file: res://item/items/resources/transparent_icons.png.
   at: _load_data (scene/resources/compressed_texture.cpp:42)
ERROR: Unable to open file: res://item/items/resources/transparent_icons.png.
   at: _load_data (scene/resources/compressed_texture.cpp:42)
WARNING: res://item/items/resources/smoke_grenade.tres:3 - ext_resource, invalid UID: uid://di0d5g6xdewog - using text path instead: res://item/items/scenes/SmokeGrenade.scn
   at: load (scene/resources/resource_format_text.cpp:500)
ERROR: Unable to open file: res://item/items/resources/transparent_icons.png.
   at: _load_data (scene/resources/compressed_texture.cpp:42)
ERROR: Unable to open file: res://item/items/resources/transparent_icons.png.
   at: _load_data (scene/resources/compressed_texture.cpp:42)
WARNING: res://item/items/scenes/sting_sword_lowpoly.tscn:3 - ext_resource, invalid UID: uid://c5x4f11f1pa2x - using text path instead: res://item/items/scenes/Sting-Sword lowpoly.scn
   at: load (scene/resources/resource_format_text.cpp:500)
ERROR: Unable to open file: res://item/items/resources/transparent_icons.png.
   at: _load_data (scene/resources/compressed_texture.cpp:42)
ERROR: Unable to open file: res://item/items/resources/transparent_icons.png.
   at: _load_data (scene/resources/compressed_texture.cpp:42)
WARNING: res://item/items/resources/stun_grenade.tres:3 - ext_resource, invalid UID: uid://dhcy444bs3a5i - using text path instead: res://item/items/scenes/MK13 Flash Bang.scn
   at: load (scene/resources/resource_format_text.cpp:500)
ERROR: Unable to open file: res://item/items/resources/transparent_icons.png.
   at: _load_data (scene/resources/compressed_texture.cpp:42)
WARNING: res://item/items/resources/Sword.tres:3 - ext_resource, invalid UID: uid://ybr7od450lmf - using text path instead: res://item/items/scenes/katana.scn
   at: load (scene/resources/resource_format_text.cpp:500)
ERROR: Unable to open file: res://item/items/resources/transparent_icons.png.
   at: _load_data (scene/resources/compressed_texture.cpp:42)
ERROR: Unable to open file: res://item/items/resources/transparent_icons.png.
   at: _load_data (scene/resources/compressed_texture.cpp:42)
WARNING: res://item/items/resources/vorpal_blade.tres:3 - ext_resource, invalid UID: uid://l7vwo8xg4m4k - using text path instead: res://item/items/scenes/SOTC SWORD.scn
   at: load (scene/resources/resource_format_text.cpp:500)
ERROR: Unable to open file: res://item/items/resources/transparent_icons.png.
   at: _load_data (scene/resources/compressed_texture.cpp:42)
WARNING: res://item/items/scenes/m_60e_4.tscn:3 - ext_resource, invalid UID: uid://s8bbuag1v76f - using text path instead: res://item/items/scenes/M60E4.scn
   at: load (scene/resources/resource_format_text.cpp:500)
ERROR: Unable to open file: res://item/items/resources/transparent_icons.png.
   at: _load_data (scene/resources/compressed_texture.cpp:42)
ERROR: Unable to open file: res://item/items/resources/transparent_icons.png.
   at: _load_data (scene/resources/compressed_texture.cpp:42)
ERROR: Unable to open file: res://item/items/resources/transparent_icons.png.
   at: _load_data (scene/resources/compressed_texture.cpp:42)
CURRENT_STATE: IdlePlayerState:<Node#299540417345>
CURRENT_STATE: UnequippedWeaponState:<Node#299641080647>
Switched to floor: 0 (type: combat)
Player found: Player:<CharacterBody3D#297309046245>
Creating elevator at cell: (120.0, 48.0)
walking_player_state.SPEED_DEFAULT: 7.5
CURRENT_STATE: IdleEnemyState:<Node#400220496441>
CURRENT_STATE: IdleAttackState:<Node#400287605309>
WARNING: Source geometry parsing for navigation mesh baking had to parse RenderingServer meshes at runtime.
		This poses a significant performance issues as visual meshes store geometry data on the GPU and transferring this data back to the CPU blocks the rendering.
		For runtime (re)baking navigation meshes use and parse collision shapes as source geometry or create geometry data procedurally in scripts.
   at: add_mesh (scene/resources/3d/navigation_mesh_source_geometry_data_3d.cpp:202)
   GDScript backtrace (most recent call first):
       [0] _ready (res://world/scripts/navigation_region_3d.gd:61)
CURRENT_STATE: IdleEnemyState:<Node#402149876344>
CURRENT_STATE: IdleAttackState:<Node#402216985212>
scrap_crawler entered walking state
CURRENT_STATE: IdleEnemyState:<Node#403240395365>
CURRENT_STATE: IdleAttackState:<Node#403307504225>
CURRENT_STATE: IdleEnemyState:<Node#404398023258>
CURRENT_STATE: IdleAttackState:<Node#404465132182>
CURRENT_STATE: WalkingEnemyState:<Node#405287215788>
CURRENT_STATE: IdleAttackState:<Node#405337547439>
CURRENT_STATE: WalkingEnemyState:<Node#406142853828>
CURRENT_STATE: IdleAttackState:<Node#406193185479>
CURRENT_STATE: IdleEnemyState:<Node#406948160219>
CURRENT_STATE: IdleAttackState:<Node#407015269087>
CURRENT_STATE: IdleEnemyState:<Node#407803798262>
CURRENT_STATE: IdleAttackState:<Node#407870907130>
CURRENT_STATE: IdleEnemyState:<Node#408642659088>
CURRENT_STATE: IdleAttackState:<Node#408709767956>
scrap_crawler entered walking state
scrap_crawler entered walking state
CURRENT_STATE: IdleEnemyState:<Node#409598960428>
CURRENT_STATE: IdleAttackState:<Node#409666069296>
CURRENT_STATE: IdleEnemyState:<Node#410454598459>
CURRENT_STATE: IdleAttackState:<Node#410521707336>
CURRENT_STATE: IdleEnemyState:<Node#411343790927>
CURRENT_STATE: IdleAttackState:<Node#411410899810>
CURRENT_STATE: IdleEnemyState:<Node#412149097334>
CURRENT_STATE: IdleAttackState:<Node#412216206202>
CURRENT_STATE: IdleEnemyState:<Node#413038289793>
CURRENT_STATE: IdleAttackState:<Node#413105398676>
scrap_crawler entered walking state
CURRENT_STATE: WalkingEnemyState:<Node#413910705068>
CURRENT_STATE: IdleAttackState:<Node#413961036719>
CURRENT_STATE: IdleEnemyState:<Node#414716011459>
CURRENT_STATE: IdleAttackState:<Node#414799897544>
CURRENT_STATE: IdleEnemyState:<Node#415722644437>
CURRENT_STATE: IdleAttackState:<Node#415789753314>
scrap_crawler entered walking state
CURRENT_STATE: WalkingEnemyState:<Node#416595059706>
CURRENT_STATE: IdleAttackState:<Node#416645391357>
CURRENT_STATE: IdleEnemyState:<Node#417501029394>
CURRENT_STATE: IdleAttackState:<Node#417568138262>
CURRENT_STATE: IdleEnemyState:<Node#418406999082>
CURRENT_STATE: IdleAttackState:<Node#418474107950>
CURRENT_STATE: WalkingEnemyState:<Node#419329745987>
CURRENT_STATE: IdleAttackState:<Node#419380077638>
CURRENT_STATE: IdleEnemyState:<Node#420286047324>
CURRENT_STATE: IdleAttackState:<Node#420353156192>
scrap_crawler entered walking state
CURRENT_STATE: IdleEnemyState:<Node#421242348662>
CURRENT_STATE: IdleAttackState:<Node#421309457530>
CURRENT_STATE: IdleEnemyState:<Node#422148318350>
CURRENT_STATE: IdleAttackState:<Node#422215427218>
CURRENT_STATE: IdleEnemyState:<Node#423138174105>
CURRENT_STATE: IdleAttackState:<Node#423205282988>
scrap_crawler entered walking state
CURRENT_STATE: WalkingEnemyState:<Node#424111252676>
CURRENT_STATE: IdleAttackState:<Node#424161584327>
CURRENT_STATE: WalkingEnemyState:<Node#424933336284>
CURRENT_STATE: IdleAttackState:<Node#424983667935>
CURRENT_STATE: IdleEnemyState:<Node#425822528741>
CURRENT_STATE: IdleAttackState:<Node#425906414839>
CURRENT_STATE: IdleEnemyState:<Node#426879493378>
CURRENT_STATE: IdleAttackState:<Node#426946602258>
scrap_crawler entered walking state
CURRENT_STATE: IdleEnemyState:<Node#427852571946>
CURRENT_STATE: IdleAttackState:<Node#427919680814>
scrap_crawler entered walking state
Idle transitioning to Running
Sprinting transitioning to Walking
Ambrosia of the Gods
Walking transitioning to Idle
Ambrosia of the Gods
Idle transitioning to Walking
Ambrosia of the Gods
Ambrosia of the Gods
Walking transitioning to Sprinting
Sprinting transitioning to Walking
Walking transitioning to Sprinting
Sprinting transitioning to Walking
Ambrosia of the Gods
Ambrosia of the Gods
Ambrosia of the Gods
Walking transitioning to Sprinting
Sprinting transitioning to Walking
Walking transitioning to Idle
Idle transitioning to Walking
Walking transitioning to Idle
Idle transitioning to Walking
Walking transitioning to Idle
